1562707672738	mozrunner::runner	INFO	Running command: "C:\\Program Files\\Mozilla Firefox\\firefox.exe" "-marionette" "-foreground" "-no-remote" "-profile" "C:\\Users\\lastt\\AppData\\Local\\Temp\\rust_mozprofile.lJ4Lz7ltr2Oq"
1562707702465	mozrunner::runner	INFO	Running command: "C:\\Program Files\\Mozilla Firefox\\firefox.exe" "-marionette" "-foreground" "-no-remote" "-profile" "C:\\Users\\lastt\\AppData\\Local\\Temp\\rust_mozprofile.sjRfjZE1EKwb"
1562707703814	addons.webextension.screenshots@mozilla.org	WARN	Loading extension 'screenshots@mozilla.org': Reading manifest: Invalid extension permission: mozillaAddons
1562707703815	addons.webextension.screenshots@mozilla.org	WARN	Loading extension 'screenshots@mozilla.org': Reading manifest: Invalid extension permission: resource://pdf.js/
1562707703816	addons.webextension.screenshots@mozilla.org	WARN	Loading extension 'screenshots@mozilla.org': Reading manifest: Invalid extension permission: about:reader*
1562707707071	Marionette	INFO	Listening on port 14400
1562707707414	Marionette	WARN	TLS certificate errors will be ignored for this session
1562707710333	Marionette	INFO	Stopped listening on port 14400
[Child 636, Chrome_ChildThread] WARNING: pipe error: 109: file z:/task_1560988636/build/src/ipc/chromium/src/chrome/common/ipc_channel_win.cc, line 341
[Child 636, Chrome_ChildT[Child 21724, Chrome_ChildThread] WARNING: pipe error: 109: file z:/task_1560988636/build/src/ipc/chromium/src/chrome/common/ipc_channel_win.cc, line 341
[Child 21724, Ch[Parent 22464, Gecko_IOThread] WARNING: pipe error: 109: file z:/task_1560988636/build/src/ipc/chromium/src/chrome/common/ipc_channel_win.cc, line 341
[Child 19828, Chrome_ChildThread] WARNING: pipe error: 109: file z:/task_1560988636/build/src/ipc/chromium/src/chrome/common/ipc_channel_win.cc, line 341
[Child 19828, Ch
###!!! [Child][RunMessage] Error: Channel closing: too late to send/recv, messages will be lost

[GP
###!!! [Child][MessageChannel::SendAndWait] Error: Channel error: cannot send/recv

1562707739943	mozrunner::runner	INFO	Running command: "C:\\Program Files\\Mozilla Firefox\\firefox.exe" "-marionette" "-foreground" "-no-remote" "-profile" "C:\\Users\\lastt\\AppData\\Local\\Temp\\rust_mozprofile.jDlqPdmQcHtH"
1562707741213	addons.webextension.screenshots@mozilla.org	WARN	Loading extension 'screenshots@mozilla.org': Reading manifest: Invalid extension permission: mozillaAddons
1562707741214	addons.webextension.screenshots@mozilla.org	WARN	Loading extension 'screenshots@mozilla.org': Reading manifest: Invalid extension permission: resource://pdf.js/
1562707741214	addons.webextension.screenshots@mozilla.org	WARN	Loading extension 'screenshots@mozilla.org': Reading manifest: Invalid extension permission: about:reader*
1562707744516	Marionette	INFO	Listening on port 14449
1562707744902	Marionette	WARN	TLS certificate errors will be ignored for this session
1562707747481	Marionette	INFO	Stopped listening on port 14449
[Child 7056, Chrome_ChildThread] WARNING: pipe error: 109: file z:/task_1560988636/build/src/ipc/chromium/src/chrome/common/ipc_channel_win.cc, line 341
[Child 7056, Chrome_ChildThread] WARNING: pipe error: 1[[Parent 9680, Gecko_IOThread] WARNING: pipe error: 109: file z:/task_1560988636/build/src/ipc/chromium/src/chrome/common/ipc_channel_win.cc, line 341
[Child 20184, Chrome_ChildThread] WARNING: pipe error: 109: file z:/task_1560988636/build/src/ipc/chromium/src/chrome/common/ipc_channel_win.cc, line 341
[Child 
###!!! [Child][RunMessage] Error: Channel closing: too late to send/recv, messages will be lost

[GPU 21188, C
###!!! [Child][MessageChannel::SendAndWait] Error: Channel error: cannot send/recv

1562707910522	mozrunner::runner	INFO	Running command: "C:\\Program Files\\Mozilla Firefox\\firefox.exe" "-marionette" "-foreground" "-no-remote" "-profile" "C:\\Users\\lastt\\AppData\\Local\\Temp\\rust_mozprofile.WflE3D3ZdjqV"
1562707911541	addons.webextension.screenshots@mozilla.org	WARN	Loading extension 'screenshots@mozilla.org': Reading manifest: Invalid extension permission: mozillaAddons
1562707911542	addons.webextension.screenshots@mozilla.org	WARN	Loading extension 'screenshots@mozilla.org': Reading manifest: Invalid extension permission: resource://pdf.js/
1562707911542	addons.webextension.screenshots@mozilla.org	WARN	Loading extension 'screenshots@mozilla.org': Reading manifest: Invalid extension permission: about:reader*
1562707914788	Marionette	INFO	Listening on port 14601
1562707914934	Marionette	WARN	TLS certificate errors will be ignored for this session
console.error: BroadcastService: 
  receivedBroadcastMessage: handler for
  remote-settings/monitor_changes
  threw error:
  Message: Error: Polling for changes failed: http://%(server)s/dummy/blocklist//buckets/monitor/collections/changes/records?_expected=%221562690518774%22 is not a valid URL..
  Stack:
    remoteSettingsFunction/remoteSettings.pollChanges@resource://services-settings/remote-settings.js:203:13

[Parent 16092, Gecko_IOThread] WARNING: pipe error: 109: file z:/task_1560988636/build/src/ipc/chromium/src/chrome/common/ipc_channel_win.cc, line 341
